<?xml version="1.0" encoding="UTF-8"?>
<!-- Generated by org.testng.reporters.JUnitReportReporter -->
<testsuite hostname="DESKTOP-GLBA18E" failures="0" tests="1" name="Scripts.Test6" time="0.013" errors="0" timestamp="2022-12-11T22:06:10 CLST" skipped="0">
  <testcase classname="Scripts.Test6" name="tc1" time="0.013"/>
  <system-out>
    <![CDATA[Hello postman]]>
  </system-out>
</testsuite> <!-- Scripts.Test6 -->
