<?xml version="1.0" encoding="UTF-8"?>
<!-- Generated by org.testng.reporters.JUnitReportReporter -->
<testsuite hostname="DESKTOP-GLBA18E" failures="0" tests="1" name="Scripts.Test2" time="0.005" errors="0" timestamp="2022-12-11T22:43:52 CLST" skipped="0">
  <testcase classname="Scripts.Test2" name="tc1" time="0.005"/>
  <system-out>
    <![CDATA[Hello Selenium]]>
  </system-out>
</testsuite> <!-- Scripts.Test2 -->
