<?xml version="1.0" encoding="UTF-8"?>
<!-- Generated by org.testng.reporters.JUnitReportReporter -->
<testsuite hostname="DESKTOP-GLBA18E" failures="0" tests="1" name="Scripts.Test5" time="0.001" errors="0" timestamp="2022-12-11T22:06:10 CLST" skipped="0">
  <testcase classname="Scripts.Test5" name="tc1" time="0.001"/>
  <system-out>
    <![CDATA[Hello API]]>
  </system-out>
</testsuite> <!-- Scripts.Test5 -->
